<?xml version="1.0" encoding="UTF-8"?>
<testsuite name="com.mistplay.carddeckgame.feature.deck.presentation.DeckViewModelTest" tests="8" skipped="0" failures="0" errors="0" timestamp="2026-02-11T23:59:24.712Z" hostname="Shreyass-MacBook-Pro.local" time="0.178">
  <properties/>
  <testcase name="initialState_hasNoDeckAndNoError" classname="com.mistplay.carddeckgame.feature.deck.presentation.DeckViewModelTest" time="0.132"/>
  <testcase name="shuffleDeck_error_setsErrorMessage" classname="com.mistplay.carddeckgame.feature.deck.presentation.DeckViewModelTest" time="0.017"/>
  <testcase name="cardClicked_setsSelectedCard" classname="com.mistplay.carddeckgame.feature.deck.presentation.DeckViewModelTest" time="0.002"/>
  <testcase name="dismissCardDetail_clearsSelectedCard" classname="com.mistplay.carddeckgame.feature.deck.presentation.DeckViewModelTest" time="0.001"/>
  <testcase name="reshuffleDeck_withoutDeck_setsError" classname="com.mistplay.carddeckgame.feature.deck.presentation.DeckViewModelTest" time="0.015"/>
  <testcase name="drawCards_withDeck_appendsCardsToState" classname="com.mistplay.carddeckgame.feature.deck.presentation.DeckViewModelTest" time="0.005"/>
  <testcase name="drawCards_withoutDeck_setsError" classname="com.mistplay.carddeckgame.feature.deck.presentation.DeckViewModelTest" time="0.003"/>
  <testcase name="shuffleDeck_success_updatesStateWithDeck" classname="com.mistplay.carddeckgame.feature.deck.presentation.DeckViewModelTest" time="0.002"/>
  <system-out><![CDATA[]]></system-out>
  <system-err><![CDATA[]]></system-err>
</testsuite>
