<?xml version="1.0" encoding="UTF-8"?>
<testsuite name="com.mistplay.carddeckgame.feature.deck.data.DeckRepositoryTest" tests="4" skipped="0" failures="0" errors="0" timestamp="2026-02-11T23:59:23.945Z" hostname="Shreyass-MacBook-Pro.local" time="0.765">
  <properties/>
  <testcase name="draw success returns session and cards" classname="com.mistplay.carddeckgame.feature.deck.data.DeckRepositoryTest" time="0.736"/>
  <testcase name="shuffle success returns DeckSession" classname="com.mistplay.carddeckgame.feature.deck.data.DeckRepositoryTest" time="0.024"/>
  <testcase name="shuffle API failure returns Error" classname="com.mistplay.carddeckgame.feature.deck.data.DeckRepositoryTest" time="0.002"/>
  <testcase name="shuffle network exception returns Error" classname="com.mistplay.carddeckgame.feature.deck.data.DeckRepositoryTest" time="0.003"/>
  <system-out><![CDATA[]]></system-out>
  <system-err><![CDATA[WARNING: A Java agent has been loaded dynamically (/Users/shreyasmuthkur/.gradle/caches/modules-2/files-2.1/net.bytebuddy/byte-buddy-agent/1.14.6/46e2545d7a97b6ccb195621650c5957279eb4812/byte-buddy-agent-1.14.6.jar)
WARNING: If a serviceability tool is in use, please run with -XX:+EnableDynamicAgentLoading to hide this warning
WARNING: If a serviceability tool is not in use, please run with -Djdk.instrument.traceUsage for more information
WARNING: Dynamic loading of agents will be disallowed by default in a future release
]]></system-err>
</testsuite>
